C51 COMPILER V9.60.7.0   LED                                                               10/18/2025 13:35:19 PAGE 1   


C51 COMPILER V9.60.7.0, COMPILATION OF MODULE LED
OBJECT MODULE PLACED IN .\Objects\led.obj
COMPILER INVOKED BY: C:\Keil_v5\C51\BIN\C51.EXE led.c OPTIMIZE(8,SPEED) BROWSE DEBUG OBJECTEXTEND PRINT(.\Listings\led.l
                    -st) TABS(2) OBJECT(.\Objects\led.obj)

line level    source

   1          #include <reg51.h>
   2          
   3          void delay(unsigned int x)
   4          {
   5   1          unsigned int i;
   6   1          for(i = 0; i < x; i++); // simple delay
   7   1      }
   8          
   9          void main()
  10          {
  11   1          P1 = 0x00; // initialize port
  12   1          while(1)
  13   1          {
  14   2              P1 = ~P1;    // toggle all LEDs
  15   2              delay(50000); // visible delay
  16   2          }
  17   1      }


MODULE INFORMATION:   STATIC OVERLAYABLE
   CODE SIZE        =     33    ----
   CONSTANT SIZE    =   ----    ----
   XDATA SIZE       =   ----    ----
   PDATA SIZE       =   ----    ----
   DATA SIZE        =   ----    ----
   IDATA SIZE       =   ----    ----
   BIT SIZE         =   ----    ----
END OF MODULE INFORMATION.


C51 COMPILATION COMPLETE.  0 WARNING(S),  0 ERROR(S)
